[1.874s] DEBUG:colcon:Command line arguments: ['/usr/bin/colcon', 'build', '--symlink-install']
[1.874s] DEBUG:colcon:Parsed command line arguments: Namespace(log_base=None, log_level=None, verb_name='build', build_base='build', install_base='install', merge_install=False, symlink_install=True, test_result_base=None, continue_on_error=False, executor='parallel', parallel_workers=4, event_handlers=None, ignore_user_meta=False, metas=['./colcon.meta'], base_paths=['.'], packages_ignore=None, packages_ignore_regex=None, paths=None, packages_up_to=None, packages_up_to_regex=None, packages_above=None, packages_above_and_dependencies=None, packages_above_depth=None, packages_select_by_dep=None, packages_skip_by_dep=None, packages_skip_up_to=None, packages_select_build_failed=False, packages_skip_build_finished=False, packages_select_test_failures=False, packages_skip_test_passed=False, packages_select=None, packages_skip=None, packages_select_regex=None, packages_skip_regex=None, packages_start=None, packages_end=None, allow_overriding=[], cmake_args=None, cmake_target=None, cmake_target_skip_unavailable=False, cmake_clean_cache=False, cmake_clean_first=False, cmake_force_configure=False, ament_cmake_args=None, catkin_cmake_args=None, catkin_skip_building_tests=False, verb_parser=<colcon_defaults.argument_parser.defaults.DefaultArgumentsDecorator object at 0x7f0016cd29b0>, verb_extension=<colcon_core.verb.build.BuildVerb object at 0x7f0016eb8940>, main=<bound method BuildVerb.main of <colcon_core.verb.build.BuildVerb object at 0x7f0016eb8940>>)
[1.957s] Level 1:colcon.colcon_core.package_discovery:discover_packages(colcon_meta) check parameters
[1.957s] Level 1:colcon.colcon_core.package_discovery:discover_packages(recursive) check parameters
[1.957s] Level 1:colcon.colcon_core.package_discovery:discover_packages(ignore) check parameters
[1.958s] Level 1:colcon.colcon_core.package_discovery:discover_packages(path) check parameters
[1.958s] Level 1:colcon.colcon_core.package_discovery:discover_packages(colcon_meta) discover
[1.958s] Level 1:colcon.colcon_core.package_discovery:discover_packages(recursive) discover
[1.958s] INFO:colcon.colcon_core.package_discovery:Crawling recursively for packages in '/home/sami/dev_ws/src/my_bot'
[1.958s] Level 1:colcon.colcon_core.package_identification:_identify(.) by extensions ['ignore', 'ignore_ament_install']
[1.958s] Level 1:colcon.colcon_core.package_identification:_identify(.) by extension 'ignore'
[1.958s] Level 1:colcon.colcon_core.package_identification:_identify(.) by extension 'ignore_ament_install'
[1.958s] Level 1:colcon.colcon_core.package_identification:_identify(.) by extensions ['colcon_pkg']
[1.958s] Level 1:colcon.colcon_core.package_identification:_identify(.) by extension 'colcon_pkg'
[1.959s] Level 1:colcon.colcon_core.package_identification:_identify(.) by extensions ['colcon_meta']
[1.959s] Level 1:colcon.colcon_core.package_identification:_identify(.) by extension 'colcon_meta'
[1.959s] Level 1:colcon.colcon_core.package_identification:_identify(.) by extensions ['ros']
[1.959s] Level 1:colcon.colcon_core.package_identification:_identify(.) by extension 'ros'
[1.981s] DEBUG:colcon.colcon_core.package_identification:Package '.' with type 'ros.ament_cmake' and name 'my_bot'
[1.982s] Level 1:colcon.colcon_core.package_discovery:discover_packages(recursive) using defaults
[1.982s] Level 1:colcon.colcon_core.package_discovery:discover_packages(ignore) discover
[1.982s] Level 1:colcon.colcon_core.package_discovery:discover_packages(ignore) using defaults
[1.982s] Level 1:colcon.colcon_core.package_discovery:discover_packages(path) discover
[1.982s] Level 1:colcon.colcon_core.package_discovery:discover_packages(path) using defaults
[2.134s] Level 1:colcon.colcon_core.package_discovery:discover_packages(prefix_path) check parameters
[2.134s] Level 1:colcon.colcon_core.package_discovery:discover_packages(prefix_path) discover
[2.187s] DEBUG:colcon.colcon_installed_package_information.package_discovery:Found 280 installed packages in /opt/ros/humble
[2.189s] Level 1:colcon.colcon_core.package_discovery:discover_packages(prefix_path) using defaults
[2.348s] Level 5:colcon.colcon_core.verb:set package 'my_bot' build argument 'cmake_args' from command line to 'None'
[2.349s] Level 5:colcon.colcon_core.verb:set package 'my_bot' build argument 'cmake_target' from command line to 'None'
[2.349s] Level 5:colcon.colcon_core.verb:set package 'my_bot' build argument 'cmake_target_skip_unavailable' from command line to 'False'
[2.349s] Level 5:colcon.colcon_core.verb:set package 'my_bot' build argument 'cmake_clean_cache' from command line to 'False'
[2.349s] Level 5:colcon.colcon_core.verb:set package 'my_bot' build argument 'cmake_clean_first' from command line to 'False'
[2.349s] Level 5:colcon.colcon_core.verb:set package 'my_bot' build argument 'cmake_force_configure' from command line to 'False'
[2.349s] Level 5:colcon.colcon_core.verb:set package 'my_bot' build argument 'ament_cmake_args' from command line to 'None'
[2.349s] Level 5:colcon.colcon_core.verb:set package 'my_bot' build argument 'catkin_cmake_args' from command line to 'None'
[2.349s] Level 5:colcon.colcon_core.verb:set package 'my_bot' build argument 'catkin_skip_building_tests' from command line to 'False'
[2.349s] DEBUG:colcon.colcon_core.verb:Building package 'my_bot' with the following arguments: {'ament_cmake_args': None, 'build_base': '/home/sami/dev_ws/src/my_bot/build/my_bot', 'catkin_cmake_args': None, 'catkin_skip_building_tests': False, 'cmake_args': None, 'cmake_clean_cache': False, 'cmake_clean_first': False, 'cmake_force_configure': False, 'cmake_target': None, 'cmake_target_skip_unavailable': False, 'install_base': '/home/sami/dev_ws/src/my_bot/install/my_bot', 'merge_install': False, 'path': '/home/sami/dev_ws/src/my_bot', 'symlink_install': True, 'test_result_base': None}
[2.375s] INFO:colcon.colcon_core.executor:Executing jobs using 'parallel' executor
[2.403s] DEBUG:colcon.colcon_parallel_executor.executor.parallel:run_until_complete
[2.404s] INFO:colcon.colcon_ros.task.ament_cmake.build:Building ROS package in '/home/sami/dev_ws/src/my_bot' with build type 'ament_cmake'
[2.404s] INFO:colcon.colcon_cmake.task.cmake.build:Building CMake package in '/home/sami/dev_ws/src/my_bot'
[2.439s] INFO:colcon.colcon_core.plugin_system:Skipping extension 'colcon_core.shell.bat': Not used on non-Windows systems
[2.439s] INFO:colcon.colcon_core.shell:Skip shell extension 'powershell' for command environment: Not usable outside of PowerShell
[2.440s] DEBUG:colcon.colcon_core.shell:Skip shell extension 'dsv' for command environment
[2.550s] DEBUG:colcon.colcon_core.event_handler.log_command:Invoking command in '/home/sami/dev_ws/src/my_bot/build/my_bot': CMAKE_PREFIX_PATH=/opt/ros/humble /usr/bin/cmake --build /home/sami/dev_ws/src/my_bot/build/my_bot -- -j4 -l4
[3.724s] DEBUG:colcon.colcon_core.event_handler.log_command:Invoked command in '/home/sami/dev_ws/src/my_bot/build/my_bot' returned '0': CMAKE_PREFIX_PATH=/opt/ros/humble /usr/bin/cmake --build /home/sami/dev_ws/src/my_bot/build/my_bot -- -j4 -l4
[3.863s] DEBUG:colcon.colcon_core.event_handler.log_command:Invoking command in '/home/sami/dev_ws/src/my_bot/build/my_bot': CMAKE_PREFIX_PATH=/opt/ros/humble /usr/bin/cmake --install /home/sami/dev_ws/src/my_bot/build/my_bot
[3.960s] Level 1:colcon.colcon_core.environment:create_environment_scripts_only(my_bot)
[3.965s] DEBUG:colcon.colcon_core.event_handler.log_command:Invoked command in '/home/sami/dev_ws/src/my_bot/build/my_bot' returned '0': CMAKE_PREFIX_PATH=/opt/ros/humble /usr/bin/cmake --install /home/sami/dev_ws/src/my_bot/build/my_bot
[4.002s] Level 1:colcon.colcon_core.environment:checking '/home/sami/dev_ws/src/my_bot/install/my_bot' for CMake module files
[4.003s] Level 1:colcon.colcon_core.environment:checking '/home/sami/dev_ws/src/my_bot/install/my_bot' for CMake config files
[4.004s] Level 1:colcon.colcon_core.shell:create_environment_hook('my_bot', 'cmake_prefix_path')
[4.034s] INFO:colcon.colcon_core.shell:Creating environment hook '/home/sami/dev_ws/src/my_bot/install/my_bot/share/my_bot/hook/cmake_prefix_path.ps1'
[4.036s] INFO:colcon.colcon_core.shell:Creating environment descriptor '/home/sami/dev_ws/src/my_bot/install/my_bot/share/my_bot/hook/cmake_prefix_path.dsv'
[4.038s] INFO:colcon.colcon_core.shell:Creating environment hook '/home/sami/dev_ws/src/my_bot/install/my_bot/share/my_bot/hook/cmake_prefix_path.sh'
[4.040s] Level 1:colcon.colcon_core.environment:checking '/home/sami/dev_ws/src/my_bot/install/my_bot/bin'
[4.041s] Level 1:colcon.colcon_core.environment:checking '/home/sami/dev_ws/src/my_bot/install/my_bot/lib/pkgconfig/my_bot.pc'
[4.042s] Level 1:colcon.colcon_core.environment:checking '/home/sami/dev_ws/src/my_bot/install/my_bot/lib/python3.10/site-packages'
[4.044s] Level 1:colcon.colcon_core.environment:checking '/home/sami/dev_ws/src/my_bot/install/my_bot/bin'
[4.075s] INFO:colcon.colcon_core.shell:Creating package script '/home/sami/dev_ws/src/my_bot/install/my_bot/share/my_bot/package.ps1'
[4.078s] INFO:colcon.colcon_core.shell:Creating package descriptor '/home/sami/dev_ws/src/my_bot/install/my_bot/share/my_bot/package.dsv'
[4.080s] INFO:colcon.colcon_core.shell:Creating package script '/home/sami/dev_ws/src/my_bot/install/my_bot/share/my_bot/package.sh'
[4.084s] INFO:colcon.colcon_core.shell:Creating package script '/home/sami/dev_ws/src/my_bot/install/my_bot/share/my_bot/package.bash'
[4.086s] INFO:colcon.colcon_core.shell:Creating package script '/home/sami/dev_ws/src/my_bot/install/my_bot/share/my_bot/package.zsh'
[4.088s] Level 1:colcon.colcon_core.environment:create_file_with_runtime_dependencies(/home/sami/dev_ws/src/my_bot/install/my_bot/share/colcon-core/packages/my_bot)
[4.243s] Level 1:colcon.colcon_core.environment:create_environment_scripts_only(my_bot)
[4.270s] Level 1:colcon.colcon_core.environment:checking '/home/sami/dev_ws/src/my_bot/install/my_bot' for CMake module files
[4.271s] Level 1:colcon.colcon_core.environment:checking '/home/sami/dev_ws/src/my_bot/install/my_bot' for CMake config files
[4.272s] Level 1:colcon.colcon_core.shell:create_environment_hook('my_bot', 'cmake_prefix_path')
[4.299s] INFO:colcon.colcon_core.shell:Creating environment hook '/home/sami/dev_ws/src/my_bot/install/my_bot/share/my_bot/hook/cmake_prefix_path.ps1'
[4.301s] INFO:colcon.colcon_core.shell:Creating environment descriptor '/home/sami/dev_ws/src/my_bot/install/my_bot/share/my_bot/hook/cmake_prefix_path.dsv'
[4.303s] INFO:colcon.colcon_core.shell:Creating environment hook '/home/sami/dev_ws/src/my_bot/install/my_bot/share/my_bot/hook/cmake_prefix_path.sh'
[4.306s] Level 1:colcon.colcon_core.environment:checking '/home/sami/dev_ws/src/my_bot/install/my_bot/bin'
[4.306s] Level 1:colcon.colcon_core.environment:checking '/home/sami/dev_ws/src/my_bot/install/my_bot/lib/pkgconfig/my_bot.pc'
[4.306s] Level 1:colcon.colcon_core.environment:checking '/home/sami/dev_ws/src/my_bot/install/my_bot/lib/python3.10/site-packages'
[4.307s] Level 1:colcon.colcon_core.environment:checking '/home/sami/dev_ws/src/my_bot/install/my_bot/bin'
[4.333s] INFO:colcon.colcon_core.shell:Creating package script '/home/sami/dev_ws/src/my_bot/install/my_bot/share/my_bot/package.ps1'
[4.335s] INFO:colcon.colcon_core.shell:Creating package descriptor '/home/sami/dev_ws/src/my_bot/install/my_bot/share/my_bot/package.dsv'
[4.336s] INFO:colcon.colcon_core.shell:Creating package script '/home/sami/dev_ws/src/my_bot/install/my_bot/share/my_bot/package.sh'
[4.338s] INFO:colcon.colcon_core.shell:Creating package script '/home/sami/dev_ws/src/my_bot/install/my_bot/share/my_bot/package.bash'
[4.339s] INFO:colcon.colcon_core.shell:Creating package script '/home/sami/dev_ws/src/my_bot/install/my_bot/share/my_bot/package.zsh'
[4.342s] Level 1:colcon.colcon_core.environment:create_file_with_runtime_dependencies(/home/sami/dev_ws/src/my_bot/install/my_bot/share/colcon-core/packages/my_bot)
[4.342s] DEBUG:colcon.colcon_parallel_executor.executor.parallel:closing loop
[4.343s] DEBUG:colcon.colcon_parallel_executor.executor.parallel:loop closed
[4.344s] DEBUG:colcon.colcon_parallel_executor.executor.parallel:run_until_complete finished with '0'
[4.344s] DEBUG:colcon.colcon_core.event_reactor:joining thread
[4.396s] INFO:colcon.colcon_core.plugin_system:Skipping extension 'colcon_notification.desktop_notification.terminal_notifier': Not used on non-Darwin systems
[4.396s] INFO:colcon.colcon_core.plugin_system:Skipping extension 'colcon_notification.desktop_notification.win32': Not used on non-Windows systems
[4.397s] INFO:colcon.colcon_notification.desktop_notification:Sending desktop notification using 'notify2'
[4.401s] DEBUG:colcon.colcon_notification.desktop_notification.notify2:Failed to initialize notify2: org.freedesktop.DBus.Error.ServiceUnknown: The name org.freedesktop.Notifications was not provided by any .service files
[4.402s] DEBUG:colcon.colcon_core.event_reactor:joined thread
[4.432s] INFO:colcon.colcon_core.shell:Creating prefix script '/home/sami/dev_ws/src/my_bot/install/local_setup.ps1'
[4.435s] INFO:colcon.colcon_core.shell:Creating prefix util module '/home/sami/dev_ws/src/my_bot/install/_local_setup_util_ps1.py'
[4.438s] INFO:colcon.colcon_core.shell:Creating prefix chain script '/home/sami/dev_ws/src/my_bot/install/setup.ps1'
[4.468s] INFO:colcon.colcon_core.shell:Creating prefix script '/home/sami/dev_ws/src/my_bot/install/local_setup.sh'
[4.471s] INFO:colcon.colcon_core.shell:Creating prefix util module '/home/sami/dev_ws/src/my_bot/install/_local_setup_util_sh.py'
[4.473s] INFO:colcon.colcon_core.shell:Creating prefix chain script '/home/sami/dev_ws/src/my_bot/install/setup.sh'
[4.506s] INFO:colcon.colcon_core.shell:Creating prefix script '/home/sami/dev_ws/src/my_bot/install/local_setup.bash'
[4.507s] INFO:colcon.colcon_core.shell:Creating prefix chain script '/home/sami/dev_ws/src/my_bot/install/setup.bash'
[4.534s] INFO:colcon.colcon_core.shell:Creating prefix script '/home/sami/dev_ws/src/my_bot/install/local_setup.zsh'
[4.536s] INFO:colcon.colcon_core.shell:Creating prefix chain script '/home/sami/dev_ws/src/my_bot/install/setup.zsh'
