[2.150s] DEBUG:colcon:Command line arguments: ['/usr/bin/colcon', 'build', '--symlink-install']
[2.150s] DEBUG:colcon:Parsed command line arguments: Namespace(log_base=None, log_level=None, verb_name='build', build_base='build', install_base='install', merge_install=False, symlink_install=True, test_result_base=None, continue_on_error=False, executor='parallel', parallel_workers=4, event_handlers=None, ignore_user_meta=False, metas=['./colcon.meta'], base_paths=['.'], packages_ignore=None, packages_ignore_regex=None, paths=None, packages_up_to=None, packages_up_to_regex=None, packages_above=None, packages_above_and_dependencies=None, packages_above_depth=None, packages_select_by_dep=None, packages_skip_by_dep=None, packages_skip_up_to=None, packages_select_build_failed=False, packages_skip_build_finished=False, packages_select_test_failures=False, packages_skip_test_passed=False, packages_select=None, packages_skip=None, packages_select_regex=None, packages_skip_regex=None, packages_start=None, packages_end=None, allow_overriding=[], cmake_args=None, cmake_target=None, cmake_target_skip_unavailable=False, cmake_clean_cache=False, cmake_clean_first=False, cmake_force_configure=False, ament_cmake_args=None, catkin_cmake_args=None, catkin_skip_building_tests=False, verb_parser=<colcon_defaults.argument_parser.defaults.DefaultArgumentsDecorator object at 0x7f68ce00c070>, verb_extension=<colcon_core.verb.build.BuildVerb object at 0x7f68cdfc61d0>, main=<bound method BuildVerb.main of <colcon_core.verb.build.BuildVerb object at 0x7f68cdfc61d0>>)
[2.256s] Level 1:colcon.colcon_core.package_discovery:discover_packages(colcon_meta) check parameters
[2.256s] Level 1:colcon.colcon_core.package_discovery:discover_packages(recursive) check parameters
[2.257s] Level 1:colcon.colcon_core.package_discovery:discover_packages(ignore) check parameters
[2.257s] Level 1:colcon.colcon_core.package_discovery:discover_packages(path) check parameters
[2.257s] Level 1:colcon.colcon_core.package_discovery:discover_packages(colcon_meta) discover
[2.257s] Level 1:colcon.colcon_core.package_discovery:discover_packages(recursive) discover
[2.257s] INFO:colcon.colcon_core.package_discovery:Crawling recursively for packages in '/home/sami/dev_ws/src/my_bot'
[2.257s] Level 1:colcon.colcon_core.package_identification:_identify(.) by extensions ['ignore', 'ignore_ament_install']
[2.258s] Level 1:colcon.colcon_core.package_identification:_identify(.) by extension 'ignore'
[2.258s] Level 1:colcon.colcon_core.package_identification:_identify(.) by extension 'ignore_ament_install'
[2.258s] Level 1:colcon.colcon_core.package_identification:_identify(.) by extensions ['colcon_pkg']
[2.258s] Level 1:colcon.colcon_core.package_identification:_identify(.) by extension 'colcon_pkg'
[2.258s] Level 1:colcon.colcon_core.package_identification:_identify(.) by extensions ['colcon_meta']
[2.258s] Level 1:colcon.colcon_core.package_identification:_identify(.) by extension 'colcon_meta'
[2.258s] Level 1:colcon.colcon_core.package_identification:_identify(.) by extensions ['ros']
[2.258s] Level 1:colcon.colcon_core.package_identification:_identify(.) by extension 'ros'
[2.282s] DEBUG:colcon.colcon_core.package_identification:Package '.' with type 'ros.ament_cmake' and name 'my_bot'
[2.282s] Level 1:colcon.colcon_core.package_discovery:discover_packages(recursive) using defaults
[2.282s] Level 1:colcon.colcon_core.package_discovery:discover_packages(ignore) discover
[2.282s] Level 1:colcon.colcon_core.package_discovery:discover_packages(ignore) using defaults
[2.282s] Level 1:colcon.colcon_core.package_discovery:discover_packages(path) discover
[2.283s] Level 1:colcon.colcon_core.package_discovery:discover_packages(path) using defaults
[2.477s] Level 1:colcon.colcon_core.package_discovery:discover_packages(prefix_path) check parameters
[2.477s] Level 1:colcon.colcon_core.package_discovery:discover_packages(prefix_path) discover
[2.535s] DEBUG:colcon.colcon_installed_package_information.package_discovery:Found 2 installed packages in /home/sami/dev_ws/install
[2.561s] DEBUG:colcon.colcon_installed_package_information.package_discovery:Found 280 installed packages in /opt/ros/humble
[2.562s] Level 1:colcon.colcon_core.package_discovery:discover_packages(prefix_path) using defaults
[2.728s] Level 5:colcon.colcon_core.verb:set package 'my_bot' build argument 'cmake_args' from command line to 'None'
[2.728s] Level 5:colcon.colcon_core.verb:set package 'my_bot' build argument 'cmake_target' from command line to 'None'
[2.728s] Level 5:colcon.colcon_core.verb:set package 'my_bot' build argument 'cmake_target_skip_unavailable' from command line to 'False'
[2.728s] Level 5:colcon.colcon_core.verb:set package 'my_bot' build argument 'cmake_clean_cache' from command line to 'False'
[2.729s] Level 5:colcon.colcon_core.verb:set package 'my_bot' build argument 'cmake_clean_first' from command line to 'False'
[2.729s] Level 5:colcon.colcon_core.verb:set package 'my_bot' build argument 'cmake_force_configure' from command line to 'False'
[2.729s] Level 5:colcon.colcon_core.verb:set package 'my_bot' build argument 'ament_cmake_args' from command line to 'None'
[2.729s] Level 5:colcon.colcon_core.verb:set package 'my_bot' build argument 'catkin_cmake_args' from command line to 'None'
[2.729s] Level 5:colcon.colcon_core.verb:set package 'my_bot' build argument 'catkin_skip_building_tests' from command line to 'False'
[2.729s] DEBUG:colcon.colcon_core.verb:Building package 'my_bot' with the following arguments: {'ament_cmake_args': None, 'build_base': '/home/sami/dev_ws/src/my_bot/build/my_bot', 'catkin_cmake_args': None, 'catkin_skip_building_tests': False, 'cmake_args': None, 'cmake_clean_cache': False, 'cmake_clean_first': False, 'cmake_force_configure': False, 'cmake_target': None, 'cmake_target_skip_unavailable': False, 'install_base': '/home/sami/dev_ws/src/my_bot/install/my_bot', 'merge_install': False, 'path': '/home/sami/dev_ws/src/my_bot', 'symlink_install': True, 'test_result_base': None}
[2.762s] INFO:colcon.colcon_core.executor:Executing jobs using 'parallel' executor
[2.792s] DEBUG:colcon.colcon_parallel_executor.executor.parallel:run_until_complete
[2.793s] INFO:colcon.colcon_ros.task.ament_cmake.build:Building ROS package in '/home/sami/dev_ws/src/my_bot' with build type 'ament_cmake'
[2.794s] INFO:colcon.colcon_cmake.task.cmake.build:Building CMake package in '/home/sami/dev_ws/src/my_bot'
[2.852s] INFO:colcon.colcon_core.plugin_system:Skipping extension 'colcon_core.shell.bat': Not used on non-Windows systems
[2.852s] INFO:colcon.colcon_core.shell:Skip shell extension 'powershell' for command environment: Not usable outside of PowerShell
[2.852s] DEBUG:colcon.colcon_core.shell:Skip shell extension 'dsv' for command environment
[3.011s] DEBUG:colcon.colcon_core.event_handler.log_command:Invoking command in '/home/sami/dev_ws/src/my_bot/build/my_bot': CMAKE_PREFIX_PATH=${CMAKE_PREFIX_PATH}:/opt/ros/humble /usr/bin/cmake /home/sami/dev_ws/src/my_bot -DAMENT_CMAKE_SYMLINK_INSTALL=1 -DCMAKE_INSTALL_PREFIX=/home/sami/dev_ws/src/my_bot/install/my_bot
[5.962s] DEBUG:colcon.colcon_core.event_handler.log_command:Invoked command in '/home/sami/dev_ws/src/my_bot/build/my_bot' returned '0': CMAKE_PREFIX_PATH=${CMAKE_PREFIX_PATH}:/opt/ros/humble /usr/bin/cmake /home/sami/dev_ws/src/my_bot -DAMENT_CMAKE_SYMLINK_INSTALL=1 -DCMAKE_INSTALL_PREFIX=/home/sami/dev_ws/src/my_bot/install/my_bot
[5.964s] DEBUG:colcon.colcon_core.event_handler.log_command:Invoking command in '/home/sami/dev_ws/src/my_bot/build/my_bot': CMAKE_PREFIX_PATH=${CMAKE_PREFIX_PATH}:/opt/ros/humble /usr/bin/cmake --build /home/sami/dev_ws/src/my_bot/build/my_bot -- -j4 -l4
[6.103s] DEBUG:colcon.colcon_core.event_handler.log_command:Invoked command in '/home/sami/dev_ws/src/my_bot/build/my_bot' returned '0': CMAKE_PREFIX_PATH=${CMAKE_PREFIX_PATH}:/opt/ros/humble /usr/bin/cmake --build /home/sami/dev_ws/src/my_bot/build/my_bot -- -j4 -l4
[6.251s] DEBUG:colcon.colcon_core.event_handler.log_command:Invoking command in '/home/sami/dev_ws/src/my_bot/build/my_bot': CMAKE_PREFIX_PATH=${CMAKE_PREFIX_PATH}:/opt/ros/humble /usr/bin/cmake --install /home/sami/dev_ws/src/my_bot/build/my_bot
[6.872s] Level 1:colcon.colcon_core.environment:create_environment_scripts_only(my_bot)
[6.882s] DEBUG:colcon.colcon_core.event_handler.log_command:Invoked command in '/home/sami/dev_ws/src/my_bot/build/my_bot' returned '0': CMAKE_PREFIX_PATH=${CMAKE_PREFIX_PATH}:/opt/ros/humble /usr/bin/cmake --install /home/sami/dev_ws/src/my_bot/build/my_bot
[6.911s] Level 1:colcon.colcon_core.environment:checking '/home/sami/dev_ws/src/my_bot/install/my_bot' for CMake module files
[6.912s] Level 1:colcon.colcon_core.environment:checking '/home/sami/dev_ws/src/my_bot/install/my_bot' for CMake config files
[6.912s] Level 1:colcon.colcon_core.shell:create_environment_hook('my_bot', 'cmake_prefix_path')
[6.947s] INFO:colcon.colcon_core.shell:Creating environment hook '/home/sami/dev_ws/src/my_bot/install/my_bot/share/my_bot/hook/cmake_prefix_path.ps1'
[6.949s] INFO:colcon.colcon_core.shell:Creating environment descriptor '/home/sami/dev_ws/src/my_bot/install/my_bot/share/my_bot/hook/cmake_prefix_path.dsv'
[6.949s] INFO:colcon.colcon_core.shell:Creating environment hook '/home/sami/dev_ws/src/my_bot/install/my_bot/share/my_bot/hook/cmake_prefix_path.sh'
[6.950s] Level 1:colcon.colcon_core.environment:checking '/home/sami/dev_ws/src/my_bot/install/my_bot/bin'
[6.951s] Level 1:colcon.colcon_core.environment:checking '/home/sami/dev_ws/src/my_bot/install/my_bot/lib/pkgconfig/my_bot.pc'
[6.951s] Level 1:colcon.colcon_core.environment:checking '/home/sami/dev_ws/src/my_bot/install/my_bot/lib/python3.10/site-packages'
[6.951s] Level 1:colcon.colcon_core.environment:checking '/home/sami/dev_ws/src/my_bot/install/my_bot/bin'
[6.979s] INFO:colcon.colcon_core.shell:Creating package script '/home/sami/dev_ws/src/my_bot/install/my_bot/share/my_bot/package.ps1'
[6.981s] INFO:colcon.colcon_core.shell:Creating package descriptor '/home/sami/dev_ws/src/my_bot/install/my_bot/share/my_bot/package.dsv'
[6.982s] INFO:colcon.colcon_core.shell:Creating package script '/home/sami/dev_ws/src/my_bot/install/my_bot/share/my_bot/package.sh'
[6.983s] INFO:colcon.colcon_core.shell:Creating package script '/home/sami/dev_ws/src/my_bot/install/my_bot/share/my_bot/package.bash'
[6.985s] INFO:colcon.colcon_core.shell:Creating package script '/home/sami/dev_ws/src/my_bot/install/my_bot/share/my_bot/package.zsh'
[6.987s] Level 1:colcon.colcon_core.environment:create_file_with_runtime_dependencies(/home/sami/dev_ws/src/my_bot/install/my_bot/share/colcon-core/packages/my_bot)
[7.179s] Level 1:colcon.colcon_core.environment:create_environment_scripts_only(my_bot)
[7.226s] Level 1:colcon.colcon_core.environment:checking '/home/sami/dev_ws/src/my_bot/install/my_bot' for CMake module files
[7.227s] Level 1:colcon.colcon_core.environment:checking '/home/sami/dev_ws/src/my_bot/install/my_bot' for CMake config files
[7.228s] Level 1:colcon.colcon_core.shell:create_environment_hook('my_bot', 'cmake_prefix_path')
[7.268s] INFO:colcon.colcon_core.shell:Creating environment hook '/home/sami/dev_ws/src/my_bot/install/my_bot/share/my_bot/hook/cmake_prefix_path.ps1'
[7.269s] INFO:colcon.colcon_core.shell:Creating environment descriptor '/home/sami/dev_ws/src/my_bot/install/my_bot/share/my_bot/hook/cmake_prefix_path.dsv'
[7.273s] INFO:colcon.colcon_core.shell:Creating environment hook '/home/sami/dev_ws/src/my_bot/install/my_bot/share/my_bot/hook/cmake_prefix_path.sh'
[7.275s] Level 1:colcon.colcon_core.environment:checking '/home/sami/dev_ws/src/my_bot/install/my_bot/bin'
[7.275s] Level 1:colcon.colcon_core.environment:checking '/home/sami/dev_ws/src/my_bot/install/my_bot/lib/pkgconfig/my_bot.pc'
[7.276s] Level 1:colcon.colcon_core.environment:checking '/home/sami/dev_ws/src/my_bot/install/my_bot/lib/python3.10/site-packages'
[7.276s] Level 1:colcon.colcon_core.environment:checking '/home/sami/dev_ws/src/my_bot/install/my_bot/bin'
[7.318s] INFO:colcon.colcon_core.shell:Creating package script '/home/sami/dev_ws/src/my_bot/install/my_bot/share/my_bot/package.ps1'
[7.320s] INFO:colcon.colcon_core.shell:Creating package descriptor '/home/sami/dev_ws/src/my_bot/install/my_bot/share/my_bot/package.dsv'
[7.322s] INFO:colcon.colcon_core.shell:Creating package script '/home/sami/dev_ws/src/my_bot/install/my_bot/share/my_bot/package.sh'
[7.323s] INFO:colcon.colcon_core.shell:Creating package script '/home/sami/dev_ws/src/my_bot/install/my_bot/share/my_bot/package.bash'
[7.325s] INFO:colcon.colcon_core.shell:Creating package script '/home/sami/dev_ws/src/my_bot/install/my_bot/share/my_bot/package.zsh'
[7.328s] Level 1:colcon.colcon_core.environment:create_file_with_runtime_dependencies(/home/sami/dev_ws/src/my_bot/install/my_bot/share/colcon-core/packages/my_bot)
[7.330s] DEBUG:colcon.colcon_parallel_executor.executor.parallel:closing loop
[7.331s] DEBUG:colcon.colcon_parallel_executor.executor.parallel:loop closed
[7.331s] DEBUG:colcon.colcon_parallel_executor.executor.parallel:run_until_complete finished with '0'
[7.331s] DEBUG:colcon.colcon_core.event_reactor:joining thread
[7.381s] INFO:colcon.colcon_core.plugin_system:Skipping extension 'colcon_notification.desktop_notification.terminal_notifier': Not used on non-Darwin systems
[7.381s] INFO:colcon.colcon_core.plugin_system:Skipping extension 'colcon_notification.desktop_notification.win32': Not used on non-Windows systems
[7.381s] INFO:colcon.colcon_notification.desktop_notification:Sending desktop notification using 'notify2'
[7.386s] DEBUG:colcon.colcon_notification.desktop_notification.notify2:Failed to initialize notify2: org.freedesktop.DBus.Error.ServiceUnknown: The name org.freedesktop.Notifications was not provided by any .service files
[7.387s] DEBUG:colcon.colcon_core.event_reactor:joined thread
[7.426s] INFO:colcon.colcon_core.shell:Creating prefix script '/home/sami/dev_ws/src/my_bot/install/local_setup.ps1'
[7.429s] INFO:colcon.colcon_core.shell:Creating prefix util module '/home/sami/dev_ws/src/my_bot/install/_local_setup_util_ps1.py'
[7.431s] INFO:colcon.colcon_core.shell:Creating prefix chain script '/home/sami/dev_ws/src/my_bot/install/setup.ps1'
[7.484s] INFO:colcon.colcon_core.shell:Creating prefix script '/home/sami/dev_ws/src/my_bot/install/local_setup.sh'
[7.486s] INFO:colcon.colcon_core.shell:Creating prefix util module '/home/sami/dev_ws/src/my_bot/install/_local_setup_util_sh.py'
[7.487s] INFO:colcon.colcon_core.shell:Creating prefix chain script '/home/sami/dev_ws/src/my_bot/install/setup.sh'
[7.522s] INFO:colcon.colcon_core.shell:Creating prefix script '/home/sami/dev_ws/src/my_bot/install/local_setup.bash'
[7.523s] INFO:colcon.colcon_core.shell:Creating prefix chain script '/home/sami/dev_ws/src/my_bot/install/setup.bash'
[7.555s] INFO:colcon.colcon_core.shell:Creating prefix script '/home/sami/dev_ws/src/my_bot/install/local_setup.zsh'
[7.557s] INFO:colcon.colcon_core.shell:Creating prefix chain script '/home/sami/dev_ws/src/my_bot/install/setup.zsh'
